# JRE version: OpenJDK Runtime Environment OpenLogic-OpenJDK (17.0.11+9) (build 17.0.11+9-adhoc..jdk17u)
# Java VM: OpenJDK 64-Bit Server VM OpenLogic-OpenJDK (17.0.11+9-adhoc..jdk17u, mixed mode, sharing, tiered, compressed oops, compressed class ptrs, g1 gc, windows-amd64)
GC Precious Log:
 CPUs: 4 total, 4 available
 Memory: 3875M
 Large Page Support: Disabled
 NUMA Support: Disabled
 Compressed Oops: Enabled (32-bit)
 Heap Region Size: 1M
 Heap Min Capacity: 8M
 Heap Initial Capacity: 62M
 Heap Max Capacity: 2G
 Pre-touch: Disabled
 Parallel Workers: 4
 Concurrent Workers: 1
 Concurrent Refinement Workers: 4
 Periodic GC: Disabled
Heap:
 garbage-first heap   total 444416K, used 210584K [0x0000000080000000, 0x0000000100000000)
  region size 1024K, 4 young (4096K), 4 survivors (4096K)
 Metaspace       used 112249K, committed 113472K, reserved 557056K
  class space    used 15383K, committed 15936K, reserved 425984K
GC Heap History (20 events):
Event: 155.142 GC heap after
{Heap after GC invocations=50 (full 0):
 garbage-first heap   total 444416K, used 168218K [0x0000000080000000, 0x0000000100000000)
  region size 1024K, 20 young (20480K), 20 survivors (20480K)
 Metaspace       used 103837K, committed 104832K, reserved 557056K
  class space    used 14526K, committed 15040K, reserved 425984K
}
Event: 155.209 GC heap before
{Heap before GC invocations=50 (full 0):
 garbage-first heap   total 444416K, used 169242K [0x0000000080000000, 0x0000000100000000)
  region size 1024K, 21 young (21504K), 20 survivors (20480K)
 Metaspace       used 103837K, committed 104832K, reserved 557056K
  class space    used 14526K, committed 15040K, reserved 425984K
}
Event: 155.268 GC heap after
{Heap after GC invocations=51 (full 0):
 garbage-first heap   total 444416K, used 165747K [0x0000000080000000, 0x0000000100000000)
  region size 1024K, 2 young (2048K), 2 survivors (2048K)
 Metaspace       used 103837K, committed 104832K, reserved 557056K
  class space    used 14526K, committed 15040K, reserved 425984K
}
Event: 159.303 GC heap before
{Heap before GC invocations=51 (full 0):
 garbage-first heap   total 444416K, used 345971K [0x0000000080000000, 0x0000000100000000)
  region size 1024K, 179 young (183296K), 2 survivors (2048K)
 Metaspace       used 103980K, committed 105024K, reserved 557056K
  class space    used 14529K, committed 15040K, reserved 425984K
}
Event: 159.335 GC heap after
{Heap after GC invocations=52 (full 0):
 garbage-first heap   total 444416K, used 171543K [0x0000000080000000, 0x0000000100000000)
  region size 1024K, 8 young (8192K), 8 survivors (8192K)
 Metaspace       used 103980K, committed 105024K, reserved 557056K
  class space    used 14529K, committed 15040K, reserved 425984K
}
Event: 165.105 GC heap before
{Heap before GC invocations=53 (full 0):
 garbage-first heap   total 444416K, used 354839K [0x0000000080000000, 0x0000000100000000)
  region size 1024K, 188 young (192512K), 8 survivors (8192K)
 Metaspace       used 104409K, committed 105408K, reserved 557056K
  class space    used 14569K, committed 15040K, reserved 425984K
}
Event: 165.173 GC heap after
{Heap after GC invocations=54 (full 0):
 garbage-first heap   total 444416K, used 177672K [0x0000000080000000, 0x0000000100000000)
  region size 1024K, 14 young (14336K), 14 survivors (14336K)
 Metaspace       used 104409K, committed 105408K, reserved 557056K
  class space    used 14569K, committed 15040K, reserved 425984K
}
Event: 165.245 GC heap before
{Heap before GC invocations=54 (full 0):
 garbage-first heap   total 444416K, used 184840K [0x0000000080000000, 0x0000000100000000)
  region size 1024K, 21 young (21504K), 14 survivors (14336K)
 Metaspace       used 104411K, committed 105408K, reserved 557056K
  class space    used 14569K, committed 15040K, reserved 425984K
}
Event: 165.308 GC heap after
{Heap after GC invocations=55 (full 0):
 garbage-first heap   total 444416K, used 175330K [0x0000000080000000, 0x0000000100000000)
  region size 1024K, 2 young (2048K), 2 survivors (2048K)
 Metaspace       used 104411K, committed 105408K, reserved 557056K
  class space    used 14569K, committed 15040K, reserved 425984K
}
Event: 398.291 GC heap before
{Heap before GC invocations=55 (full 0):
 garbage-first heap   total 444416K, used 365794K [0x0000000080000000, 0x0000000100000000)
  region size 1024K, 184 young (188416K), 2 survivors (2048K)
 Metaspace       used 111261K, committed 112384K, reserved 557056K
  class space    used 15320K, committed 15872K, reserved 425984K
}
Event: 398.826 GC heap after
{Heap after GC invocations=56 (full 0):
 garbage-first heap   total 444416K, used 184205K [0x0000000080000000, 0x0000000100000000)
  region size 1024K, 11 young (11264K), 11 survivors (11264K)
 Metaspace       used 111261K, committed 112384K, reserved 557056K
  class space    used 15320K, committed 15872K, reserved 425984K
}
Event: 459.781 GC heap before
{Heap before GC invocations=56 (full 0):
 garbage-first heap   total 444416K, used 194445K [0x0000000080000000, 0x0000000100000000)
  region size 1024K, 21 young (21504K), 11 survivors (11264K)
 Metaspace       used 111341K, committed 112448K, reserved 557056K
  class space    used 15323K, committed 15872K, reserved 425984K
}
Event: 460.149 GC heap after
{Heap after GC invocations=57 (full 0):
 garbage-first heap   total 444416K, used 186060K [0x0000000080000000, 0x0000000100000000)
  region size 1024K, 3 young (3072K), 3 survivors (3072K)
 Metaspace       used 111341K, committed 112448K, reserved 557056K
  class space    used 15323K, committed 15872K, reserved 425984K
}
Event: 468.188 GC heap before
{Heap before GC invocations=57 (full 0):
 garbage-first heap   total 444416K, used 240332K [0x0000000080000000, 0x0000000100000000)
  region size 1024K, 56 young (57344K), 3 survivors (3072K)
 Metaspace       used 111676K, committed 112768K, reserved 557056K
  class space    used 15340K, committed 15872K, reserved 425984K
}
Event: 468.284 GC heap after
{Heap after GC invocations=58 (full 0):
 garbage-first heap   total 444416K, used 194419K [0x0000000080000000, 0x0000000100000000)
  region size 1024K, 7 young (7168K), 7 survivors (7168K)
 Metaspace       used 111676K, committed 112768K, reserved 557056K
  class space    used 15340K, committed 15872K, reserved 425984K
}
Event: 470.638 GC heap before
{Heap before GC invocations=58 (full 0):
 garbage-first heap   total 444416K, used 224115K [0x0000000080000000, 0x0000000100000000)
  region size 1024K, 37 young (37888K), 7 survivors (7168K)
 Metaspace       used 111805K, committed 112896K, reserved 557056K
  class space    used 15346K, committed 15872K, reserved 425984K
}
Event: 470.706 GC heap after
{Heap after GC invocations=59 (full 0):
 garbage-first heap   total 444416K, used 200346K [0x0000000080000000, 0x0000000100000000)
  region size 1024K, 5 young (5120K), 5 survivors (5120K)
 Metaspace       used 111805K, committed 112896K, reserved 557056K
  class space    used 15346K, committed 15872K, reserved 425984K
}
Event: 474.649 GC heap before
{Heap before GC invocations=59 (full 0):
 garbage-first heap   total 444416K, used 248474K [0x0000000080000000, 0x0000000100000000)
  region size 1024K, 52 young (53248K), 5 survivors (5120K)
 Metaspace       used 112006K, committed 113152K, reserved 557056K
  class space    used 15359K, committed 15936K, reserved 425984K
}
Event: 474.819 GC heap after
{Heap after GC invocations=60 (full 0):
 garbage-first heap   total 444416K, used 207686K [0x0000000080000000, 0x0000000100000000)
  region size 1024K, 7 young (7168K), 7 survivors (7168K)
 Metaspace       used 112006K, committed 113152K, reserved 557056K
  class space    used 15359K, committed 15936K, reserved 425984K
}
Event: 479.169 GC heap before
{Heap before GC invocations=60 (full 0):
 garbage-first heap   total 444416K, used 257862K [0x0000000080000000, 0x0000000100000000)
  region size 1024K, 56 young (57344K), 7 survivors (7168K)
 Metaspace       used 112249K, committed 113472K, reserved 557056K
  class space    used 15383K, committed 15936K, reserved 425984K
}

