# JRE version: OpenJDK Runtime Environment OpenLogic-OpenJDK (17.0.11+9) (build 17.0.11+9-adhoc..jdk17u)
# Java VM: OpenJDK 64-Bit Server VM OpenLogic-OpenJDK (17.0.11+9-adhoc..jdk17u, mixed mode, sharing, tiered, compressed oops, compressed class ptrs, g1 gc, windows-amd64)
GC Precious Log:
 CPUs: 4 total, 4 available
 Memory: 3875M
 Large Page Support: Disabled
 NUMA Support: Disabled
 Compressed Oops: Enabled (32-bit)
 Heap Region Size: 1M
 Heap Min Capacity: 8M
 Heap Initial Capacity: 62M
 Heap Max Capacity: 2G
 Pre-touch: Disabled
 Parallel Workers: 4
 Concurrent Workers: 1
 Concurrent Refinement Workers: 4
 Periodic GC: Disabled
Heap:
 garbage-first heap   total 165888K, used 98419K [0x0000000080000000, 0x0000000100000000)
  region size 1024K, 6 young (6144K), 6 survivors (6144K)
 Metaspace       used 82496K, committed 83264K, reserved 557056K
  class space    used 11532K, committed 11904K, reserved 425984K
GC Heap History (20 events):
Event: 147.543 GC heap after
{Heap after GC invocations=50 (full 0):
 garbage-first heap   total 116736K, used 69222K [0x0000000080000000, 0x0000000100000000)
  region size 1024K, 1 young (1024K), 1 survivors (1024K)
 Metaspace       used 64738K, committed 65472K, reserved 491520K
  class space    used 9130K, committed 9472K, reserved 425984K
}
Event: 149.376 GC heap before
{Heap before GC invocations=50 (full 0):
 garbage-first heap   total 116736K, used 93798K [0x0000000080000000, 0x0000000100000000)
  region size 1024K, 26 young (26624K), 1 survivors (1024K)
 Metaspace       used 66796K, committed 67456K, reserved 491520K
  class space    used 9496K, committed 9792K, reserved 425984K
}
Event: 149.382 GC heap after
{Heap after GC invocations=51 (full 0):
 garbage-first heap   total 145408K, used 70572K [0x0000000080000000, 0x0000000100000000)
  region size 1024K, 2 young (2048K), 2 survivors (2048K)
 Metaspace       used 66796K, committed 67456K, reserved 491520K
  class space    used 9496K, committed 9792K, reserved 425984K
}
Event: 154.355 GC heap before
{Heap before GC invocations=52 (full 0):
 garbage-first heap   total 145408K, used 115628K [0x0000000080000000, 0x0000000100000000)
  region size 1024K, 47 young (48128K), 2 survivors (2048K)
 Metaspace       used 67821K, committed 68480K, reserved 491520K
  class space    used 9652K, committed 9984K, reserved 425984K
}
Event: 154.364 GC heap after
{Heap after GC invocations=53 (full 0):
 garbage-first heap   total 145408K, used 74074K [0x0000000080000000, 0x0000000100000000)
  region size 1024K, 6 young (6144K), 6 survivors (6144K)
 Metaspace       used 67821K, committed 68480K, reserved 491520K
  class space    used 9652K, committed 9984K, reserved 425984K
}
Event: 154.382 GC heap before
{Heap before GC invocations=53 (full 0):
 garbage-first heap   total 145408K, used 75098K [0x0000000080000000, 0x0000000100000000)
  region size 1024K, 7 young (7168K), 6 survivors (6144K)
 Metaspace       used 67824K, committed 68480K, reserved 491520K
  class space    used 9652K, committed 9984K, reserved 425984K
}
Event: 154.403 GC heap after
{Heap after GC invocations=54 (full 0):
 garbage-first heap   total 145408K, used 74213K [0x0000000080000000, 0x0000000100000000)
  region size 1024K, 1 young (1024K), 1 survivors (1024K)
 Metaspace       used 67824K, committed 68480K, reserved 491520K
  class space    used 9652K, committed 9984K, reserved 425984K
}
Event: 157.615 GC heap before
{Heap before GC invocations=54 (full 0):
 garbage-first heap   total 145408K, used 122341K [0x0000000080000000, 0x0000000100000000)
  region size 1024K, 43 young (44032K), 1 survivors (1024K)
 Metaspace       used 70112K, committed 70912K, reserved 491520K
  class space    used 9938K, committed 10304K, reserved 425984K
}
Event: 157.622 GC heap after
{Heap after GC invocations=55 (full 0):
 garbage-first heap   total 145408K, used 86016K [0x0000000080000000, 0x0000000100000000)
  region size 1024K, 6 young (6144K), 6 survivors (6144K)
 Metaspace       used 70112K, committed 70912K, reserved 491520K
  class space    used 9938K, committed 10304K, reserved 425984K
}
Event: 160.096 GC heap before
{Heap before GC invocations=56 (full 0):
 garbage-first heap   total 165888K, used 116736K [0x0000000080000000, 0x0000000100000000)
  region size 1024K, 37 young (37888K), 6 survivors (6144K)
 Metaspace       used 73476K, committed 74240K, reserved 491520K
  class space    used 10309K, committed 10688K, reserved 425984K
}
Event: 160.127 GC heap after
{Heap after GC invocations=57 (full 0):
 garbage-first heap   total 165888K, used 88394K [0x0000000080000000, 0x0000000100000000)
  region size 1024K, 3 young (3072K), 3 survivors (3072K)
 Metaspace       used 73476K, committed 74240K, reserved 491520K
  class space    used 10309K, committed 10688K, reserved 425984K
}
Event: 160.333 GC heap before
{Heap before GC invocations=57 (full 0):
 garbage-first heap   total 165888K, used 93514K [0x0000000080000000, 0x0000000100000000)
  region size 1024K, 8 young (8192K), 3 survivors (3072K)
 Metaspace       used 73747K, committed 74560K, reserved 491520K
  class space    used 10340K, committed 10752K, reserved 425984K
}
Event: 160.353 GC heap after
{Heap after GC invocations=58 (full 0):
 garbage-first heap   total 165888K, used 89427K [0x0000000080000000, 0x0000000100000000)
  region size 1024K, 1 young (1024K), 1 survivors (1024K)
 Metaspace       used 73747K, committed 74560K, reserved 491520K
  class space    used 10340K, committed 10752K, reserved 425984K
}
Event: 161.536 GC heap before
{Heap before GC invocations=58 (full 0):
 garbage-first heap   total 165888K, used 137555K [0x0000000080000000, 0x0000000100000000)
  region size 1024K, 43 young (44032K), 1 survivors (1024K)
 Metaspace       used 76137K, committed 76928K, reserved 557056K
  class space    used 10661K, committed 11072K, reserved 425984K
}
Event: 161.548 GC heap after
{Heap after GC invocations=59 (full 0):
 garbage-first heap   total 165888K, used 90883K [0x0000000080000000, 0x0000000100000000)
  region size 1024K, 4 young (4096K), 4 survivors (4096K)
 Metaspace       used 76137K, committed 76928K, reserved 557056K
  class space    used 10661K, committed 11072K, reserved 425984K
}
Event: 162.983 GC heap before
{Heap before GC invocations=59 (full 0):
 garbage-first heap   total 165888K, used 133891K [0x0000000080000000, 0x0000000100000000)
  region size 1024K, 46 young (47104K), 4 survivors (4096K)
 Metaspace       used 79310K, committed 80128K, reserved 557056K
  class space    used 11094K, committed 11520K, reserved 425984K
}
Event: 162.989 GC heap after
{Heap after GC invocations=60 (full 0):
 garbage-first heap   total 165888K, used 92864K [0x0000000080000000, 0x0000000100000000)
  region size 1024K, 5 young (5120K), 5 survivors (5120K)
 Metaspace       used 79310K, committed 80128K, reserved 557056K
  class space    used 11094K, committed 11520K, reserved 425984K
}
Event: 165.172 GC heap before
{Heap before GC invocations=60 (full 0):
 garbage-first heap   total 165888K, used 135872K [0x0000000080000000, 0x0000000100000000)
  region size 1024K, 47 young (48128K), 5 survivors (5120K)
 Metaspace       used 82130K, committed 82944K, reserved 557056K
  class space    used 11491K, committed 11904K, reserved 425984K
}
Event: 165.213 GC heap after
{Heap after GC invocations=61 (full 0):
 garbage-first heap   total 165888K, used 95013K [0x0000000080000000, 0x0000000100000000)
  region size 1024K, 4 young (4096K), 4 survivors (4096K)
 Metaspace       used 82130K, committed 82944K, reserved 557056K
  class space    used 11491K, committed 11904K, reserved 425984K
}
Event: 211.409 GC heap before
{Heap before GC invocations=61 (full 0):
 garbage-first heap   total 165888K, used 138021K [0x0000000080000000, 0x0000000100000000)
  region size 1024K, 46 young (47104K), 4 survivors (4096K)
 Metaspace       used 82496K, committed 83264K, reserved 557056K
  class space    used 11532K, committed 11904K, reserved 425984K
}

